Started GET "/" for ::1 at 2021-07-22 02:06:08 +0800
  
ActiveRecord::NoDatabaseError (FATAL:  database "routes_controllers_development" does not exist
):
  
activerecord (5.2.6) lib/active_record/connection_adapters/postgresql_adapter.rb:696:in `rescue in connect'
activerecord (5.2.6) lib/active_record/connection_adapters/postgresql_adapter.rb:691:in `connect'
activerecord (5.2.6) lib/active_record/connection_adapters/postgresql_adapter.rb:223:in `initialize'
activerecord (5.2.6) lib/active_record/connection_adapters/postgresql_adapter.rb:48:in `new'
activerecord (5.2.6) lib/active_record/connection_adapters/postgresql_adapter.rb:48:in `postgresql_connection'
activerecord (5.2.6) lib/active_record/connection_adapters/abstract/connection_pool.rb:830:in `new_connection'
activerecord (5.2.6) lib/active_record/connection_adapters/abstract/connection_pool.rb:874:in `checkout_new_connection'
activerecord (5.2.6) lib/active_record/connection_adapters/abstract/connection_pool.rb:853:in `try_to_checkout_new_connection'
activerecord (5.2.6) lib/active_record/connection_adapters/abstract/connection_pool.rb:814:in `acquire_connection'
activerecord (5.2.6) lib/active_record/connection_adapters/abstract/connection_pool.rb:538:in `checkout'
activerecord (5.2.6) lib/active_record/connection_adapters/abstract/connection_pool.rb:382:in `connection'
activerecord (5.2.6) lib/active_record/connection_adapters/abstract/connection_pool.rb:1033:in `retrieve_connection'
activerecord (5.2.6) lib/active_record/connection_handling.rb:118:in `retrieve_connection'
activerecord (5.2.6) lib/active_record/connection_handling.rb:90:in `connection'
activerecord (5.2.6) lib/active_record/migration.rb:554:in `call'
actionpack (5.2.6) lib/action_dispatch/middleware/callbacks.rb:28:in `block in call'
activesupport (5.2.6) lib/active_support/callbacks.rb:98:in `run_callbacks'
actionpack (5.2.6) lib/action_dispatch/middleware/callbacks.rb:26:in `call'
actionpack (5.2.6) lib/action_dispatch/middleware/executor.rb:14:in `call'
actionpack (5.2.6) lib/action_dispatch/middleware/debug_exceptions.rb:61:in `call'
web-console (3.7.0) lib/web_console/middleware.rb:135:in `call_app'
web-console (3.7.0) lib/web_console/middleware.rb:30:in `block in call'
web-console (3.7.0) lib/web_console/middleware.rb:20:in `catch'
web-console (3.7.0) lib/web_console/middleware.rb:20:in `call'
actionpack (5.2.6) lib/action_dispatch/middleware/show_exceptions.rb:33:in `call'
railties (5.2.6) lib/rails/rack/logger.rb:38:in `call_app'
railties (5.2.6) lib/rails/rack/logger.rb:26:in `block in call'
activesupport (5.2.6) lib/active_support/tagged_logging.rb:71:in `block in tagged'
activesupport (5.2.6) lib/active_support/tagged_logging.rb:28:in `tagged'
activesupport (5.2.6) lib/active_support/tagged_logging.rb:71:in `tagged'
railties (5.2.6) lib/rails/rack/logger.rb:26:in `call'
sprockets-rails (3.2.2) lib/sprockets/rails/quiet_assets.rb:13:in `call'
actionpack (5.2.6) lib/action_dispatch/middleware/remote_ip.rb:81:in `call'
actionpack (5.2.6) lib/action_dispatch/middleware/request_id.rb:27:in `call'
rack (2.2.3) lib/rack/method_override.rb:24:in `call'
rack (2.2.3) lib/rack/runtime.rb:22:in `call'
activesupport (5.2.6) lib/active_support/cache/strategy/local_cache_middleware.rb:29:in `call'
actionpack (5.2.6) lib/action_dispatch/middleware/executor.rb:14:in `call'
actionpack (5.2.6) lib/action_dispatch/middleware/static.rb:127:in `call'
rack (2.2.3) lib/rack/sendfile.rb:110:in `call'
railties (5.2.6) lib/rails/engine.rb:524:in `call'
puma (3.12.6) lib/puma/configuration.rb:227:in `call'
puma (3.12.6) lib/puma/server.rb:706:in `handle_request'
puma (3.12.6) lib/puma/server.rb:476:in `process_client'
puma (3.12.6) lib/puma/server.rb:334:in `block in run'
puma (3.12.6) lib/puma/thread_pool.rb:135:in `block in spawn_thread'
Started GET "/" for ::1 at 2021-07-22 02:08:45 +0800
  
ActiveRecord::NoDatabaseError (FATAL:  database "routes_controllers_development" does not exist
):
  
activerecord (5.2.6) lib/active_record/connection_adapters/postgresql_adapter.rb:696:in `rescue in connect'
activerecord (5.2.6) lib/active_record/connection_adapters/postgresql_adapter.rb:691:in `connect'
activerecord (5.2.6) lib/active_record/connection_adapters/postgresql_adapter.rb:223:in `initialize'
activerecord (5.2.6) lib/active_record/connection_adapters/postgresql_adapter.rb:48:in `new'
activerecord (5.2.6) lib/active_record/connection_adapters/postgresql_adapter.rb:48:in `postgresql_connection'
activerecord (5.2.6) lib/active_record/connection_adapters/abstract/connection_pool.rb:830:in `new_connection'
activerecord (5.2.6) lib/active_record/connection_adapters/abstract/connection_pool.rb:874:in `checkout_new_connection'
activerecord (5.2.6) lib/active_record/connection_adapters/abstract/connection_pool.rb:853:in `try_to_checkout_new_connection'
activerecord (5.2.6) lib/active_record/connection_adapters/abstract/connection_pool.rb:814:in `acquire_connection'
activerecord (5.2.6) lib/active_record/connection_adapters/abstract/connection_pool.rb:538:in `checkout'
activerecord (5.2.6) lib/active_record/connection_adapters/abstract/connection_pool.rb:382:in `connection'
activerecord (5.2.6) lib/active_record/connection_adapters/abstract/connection_pool.rb:1033:in `retrieve_connection'
activerecord (5.2.6) lib/active_record/connection_handling.rb:118:in `retrieve_connection'
activerecord (5.2.6) lib/active_record/connection_handling.rb:90:in `connection'
activerecord (5.2.6) lib/active_record/migration.rb:554:in `call'
actionpack (5.2.6) lib/action_dispatch/middleware/callbacks.rb:28:in `block in call'
activesupport (5.2.6) lib/active_support/callbacks.rb:98:in `run_callbacks'
actionpack (5.2.6) lib/action_dispatch/middleware/callbacks.rb:26:in `call'
actionpack (5.2.6) lib/action_dispatch/middleware/executor.rb:14:in `call'
actionpack (5.2.6) lib/action_dispatch/middleware/debug_exceptions.rb:61:in `call'
web-console (3.7.0) lib/web_console/middleware.rb:135:in `call_app'
web-console (3.7.0) lib/web_console/middleware.rb:30:in `block in call'
web-console (3.7.0) lib/web_console/middleware.rb:20:in `catch'
web-console (3.7.0) lib/web_console/middleware.rb:20:in `call'
actionpack (5.2.6) lib/action_dispatch/middleware/show_exceptions.rb:33:in `call'
railties (5.2.6) lib/rails/rack/logger.rb:38:in `call_app'
railties (5.2.6) lib/rails/rack/logger.rb:26:in `block in call'
activesupport (5.2.6) lib/active_support/tagged_logging.rb:71:in `block in tagged'
activesupport (5.2.6) lib/active_support/tagged_logging.rb:28:in `tagged'
activesupport (5.2.6) lib/active_support/tagged_logging.rb:71:in `tagged'
railties (5.2.6) lib/rails/rack/logger.rb:26:in `call'
sprockets-rails (3.2.2) lib/sprockets/rails/quiet_assets.rb:13:in `call'
actionpack (5.2.6) lib/action_dispatch/middleware/remote_ip.rb:81:in `call'
actionpack (5.2.6) lib/action_dispatch/middleware/request_id.rb:27:in `call'
rack (2.2.3) lib/rack/method_override.rb:24:in `call'
rack (2.2.3) lib/rack/runtime.rb:22:in `call'
activesupport (5.2.6) lib/active_support/cache/strategy/local_cache_middleware.rb:29:in `call'
actionpack (5.2.6) lib/action_dispatch/middleware/executor.rb:14:in `call'
actionpack (5.2.6) lib/action_dispatch/middleware/static.rb:127:in `call'
rack (2.2.3) lib/rack/sendfile.rb:110:in `call'
railties (5.2.6) lib/rails/engine.rb:524:in `call'
puma (3.12.6) lib/puma/configuration.rb:227:in `call'
puma (3.12.6) lib/puma/server.rb:706:in `handle_request'
puma (3.12.6) lib/puma/server.rb:476:in `process_client'
puma (3.12.6) lib/puma/server.rb:334:in `block in run'
puma (3.12.6) lib/puma/thread_pool.rb:135:in `block in spawn_thread'
Started GET "/users" for ::1 at 2021-07-22 02:08:56 +0800
  
ActiveRecord::NoDatabaseError (FATAL:  database "routes_controllers_development" does not exist
):
  
activerecord (5.2.6) lib/active_record/connection_adapters/postgresql_adapter.rb:696:in `rescue in connect'
activerecord (5.2.6) lib/active_record/connection_adapters/postgresql_adapter.rb:691:in `connect'
activerecord (5.2.6) lib/active_record/connection_adapters/postgresql_adapter.rb:223:in `initialize'
activerecord (5.2.6) lib/active_record/connection_adapters/postgresql_adapter.rb:48:in `new'
activerecord (5.2.6) lib/active_record/connection_adapters/postgresql_adapter.rb:48:in `postgresql_connection'
activerecord (5.2.6) lib/active_record/connection_adapters/abstract/connection_pool.rb:830:in `new_connection'
activerecord (5.2.6) lib/active_record/connection_adapters/abstract/connection_pool.rb:874:in `checkout_new_connection'
activerecord (5.2.6) lib/active_record/connection_adapters/abstract/connection_pool.rb:853:in `try_to_checkout_new_connection'
activerecord (5.2.6) lib/active_record/connection_adapters/abstract/connection_pool.rb:814:in `acquire_connection'
activerecord (5.2.6) lib/active_record/connection_adapters/abstract/connection_pool.rb:538:in `checkout'
activerecord (5.2.6) lib/active_record/connection_adapters/abstract/connection_pool.rb:382:in `connection'
activerecord (5.2.6) lib/active_record/connection_adapters/abstract/connection_pool.rb:1033:in `retrieve_connection'
activerecord (5.2.6) lib/active_record/connection_handling.rb:118:in `retrieve_connection'
activerecord (5.2.6) lib/active_record/connection_handling.rb:90:in `connection'
activerecord (5.2.6) lib/active_record/migration.rb:554:in `call'
actionpack (5.2.6) lib/action_dispatch/middleware/callbacks.rb:28:in `block in call'
activesupport (5.2.6) lib/active_support/callbacks.rb:98:in `run_callbacks'
actionpack (5.2.6) lib/action_dispatch/middleware/callbacks.rb:26:in `call'
actionpack (5.2.6) lib/action_dispatch/middleware/executor.rb:14:in `call'
actionpack (5.2.6) lib/action_dispatch/middleware/debug_exceptions.rb:61:in `call'
web-console (3.7.0) lib/web_console/middleware.rb:135:in `call_app'
web-console (3.7.0) lib/web_console/middleware.rb:30:in `block in call'
web-console (3.7.0) lib/web_console/middleware.rb:20:in `catch'
web-console (3.7.0) lib/web_console/middleware.rb:20:in `call'
actionpack (5.2.6) lib/action_dispatch/middleware/show_exceptions.rb:33:in `call'
railties (5.2.6) lib/rails/rack/logger.rb:38:in `call_app'
railties (5.2.6) lib/rails/rack/logger.rb:26:in `block in call'
activesupport (5.2.6) lib/active_support/tagged_logging.rb:71:in `block in tagged'
activesupport (5.2.6) lib/active_support/tagged_logging.rb:28:in `tagged'
activesupport (5.2.6) lib/active_support/tagged_logging.rb:71:in `tagged'
railties (5.2.6) lib/rails/rack/logger.rb:26:in `call'
sprockets-rails (3.2.2) lib/sprockets/rails/quiet_assets.rb:13:in `call'
actionpack (5.2.6) lib/action_dispatch/middleware/remote_ip.rb:81:in `call'
actionpack (5.2.6) lib/action_dispatch/middleware/request_id.rb:27:in `call'
rack (2.2.3) lib/rack/method_override.rb:24:in `call'
rack (2.2.3) lib/rack/runtime.rb:22:in `call'
activesupport (5.2.6) lib/active_support/cache/strategy/local_cache_middleware.rb:29:in `call'
actionpack (5.2.6) lib/action_dispatch/middleware/executor.rb:14:in `call'
actionpack (5.2.6) lib/action_dispatch/middleware/static.rb:127:in `call'
rack (2.2.3) lib/rack/sendfile.rb:110:in `call'
railties (5.2.6) lib/rails/engine.rb:524:in `call'
puma (3.12.6) lib/puma/configuration.rb:227:in `call'
puma (3.12.6) lib/puma/server.rb:706:in `handle_request'
puma (3.12.6) lib/puma/server.rb:476:in `process_client'
puma (3.12.6) lib/puma/server.rb:334:in `block in run'
puma (3.12.6) lib/puma/thread_pool.rb:135:in `block in spawn_thread'
Started GET "/users" for ::1 at 2021-07-22 02:11:34 +0800
  
ActiveRecord::NoDatabaseError (FATAL:  database "routes_controllers_development" does not exist
):
  
activerecord (5.2.6) lib/active_record/connection_adapters/postgresql_adapter.rb:696:in `rescue in connect'
activerecord (5.2.6) lib/active_record/connection_adapters/postgresql_adapter.rb:691:in `connect'
activerecord (5.2.6) lib/active_record/connection_adapters/postgresql_adapter.rb:223:in `initialize'
activerecord (5.2.6) lib/active_record/connection_adapters/postgresql_adapter.rb:48:in `new'
activerecord (5.2.6) lib/active_record/connection_adapters/postgresql_adapter.rb:48:in `postgresql_connection'
activerecord (5.2.6) lib/active_record/connection_adapters/abstract/connection_pool.rb:830:in `new_connection'
activerecord (5.2.6) lib/active_record/connection_adapters/abstract/connection_pool.rb:874:in `checkout_new_connection'
activerecord (5.2.6) lib/active_record/connection_adapters/abstract/connection_pool.rb:853:in `try_to_checkout_new_connection'
activerecord (5.2.6) lib/active_record/connection_adapters/abstract/connection_pool.rb:814:in `acquire_connection'
activerecord (5.2.6) lib/active_record/connection_adapters/abstract/connection_pool.rb:538:in `checkout'
activerecord (5.2.6) lib/active_record/connection_adapters/abstract/connection_pool.rb:382:in `connection'
activerecord (5.2.6) lib/active_record/connection_adapters/abstract/connection_pool.rb:1033:in `retrieve_connection'
activerecord (5.2.6) lib/active_record/connection_handling.rb:118:in `retrieve_connection'
activerecord (5.2.6) lib/active_record/connection_handling.rb:90:in `connection'
activerecord (5.2.6) lib/active_record/migration.rb:554:in `call'
actionpack (5.2.6) lib/action_dispatch/middleware/callbacks.rb:28:in `block in call'
activesupport (5.2.6) lib/active_support/callbacks.rb:98:in `run_callbacks'
actionpack (5.2.6) lib/action_dispatch/middleware/callbacks.rb:26:in `call'
actionpack (5.2.6) lib/action_dispatch/middleware/executor.rb:14:in `call'
actionpack (5.2.6) lib/action_dispatch/middleware/debug_exceptions.rb:61:in `call'
web-console (3.7.0) lib/web_console/middleware.rb:135:in `call_app'
web-console (3.7.0) lib/web_console/middleware.rb:30:in `block in call'
web-console (3.7.0) lib/web_console/middleware.rb:20:in `catch'
web-console (3.7.0) lib/web_console/middleware.rb:20:in `call'
actionpack (5.2.6) lib/action_dispatch/middleware/show_exceptions.rb:33:in `call'
railties (5.2.6) lib/rails/rack/logger.rb:38:in `call_app'
railties (5.2.6) lib/rails/rack/logger.rb:26:in `block in call'
activesupport (5.2.6) lib/active_support/tagged_logging.rb:71:in `block in tagged'
activesupport (5.2.6) lib/active_support/tagged_logging.rb:28:in `tagged'
activesupport (5.2.6) lib/active_support/tagged_logging.rb:71:in `tagged'
railties (5.2.6) lib/rails/rack/logger.rb:26:in `call'
sprockets-rails (3.2.2) lib/sprockets/rails/quiet_assets.rb:13:in `call'
actionpack (5.2.6) lib/action_dispatch/middleware/remote_ip.rb:81:in `call'
actionpack (5.2.6) lib/action_dispatch/middleware/request_id.rb:27:in `call'
rack (2.2.3) lib/rack/method_override.rb:24:in `call'
rack (2.2.3) lib/rack/runtime.rb:22:in `call'
activesupport (5.2.6) lib/active_support/cache/strategy/local_cache_middleware.rb:29:in `call'
actionpack (5.2.6) lib/action_dispatch/middleware/executor.rb:14:in `call'
actionpack (5.2.6) lib/action_dispatch/middleware/static.rb:127:in `call'
rack (2.2.3) lib/rack/sendfile.rb:110:in `call'
railties (5.2.6) lib/rails/engine.rb:524:in `call'
puma (3.12.6) lib/puma/configuration.rb:227:in `call'
puma (3.12.6) lib/puma/server.rb:706:in `handle_request'
puma (3.12.6) lib/puma/server.rb:476:in `process_client'
puma (3.12.6) lib/puma/server.rb:334:in `block in run'
puma (3.12.6) lib/puma/thread_pool.rb:135:in `block in spawn_thread'
Started GET "/users" for ::1 at 2021-07-22 02:13:21 +0800
  
ActiveRecord::NoDatabaseError (FATAL:  database "routes_controllers_development" does not exist
):
  
activerecord (5.2.6) lib/active_record/connection_adapters/postgresql_adapter.rb:696:in `rescue in connect'
activerecord (5.2.6) lib/active_record/connection_adapters/postgresql_adapter.rb:691:in `connect'
activerecord (5.2.6) lib/active_record/connection_adapters/postgresql_adapter.rb:223:in `initialize'
activerecord (5.2.6) lib/active_record/connection_adapters/postgresql_adapter.rb:48:in `new'
activerecord (5.2.6) lib/active_record/connection_adapters/postgresql_adapter.rb:48:in `postgresql_connection'
activerecord (5.2.6) lib/active_record/connection_adapters/abstract/connection_pool.rb:830:in `new_connection'
activerecord (5.2.6) lib/active_record/connection_adapters/abstract/connection_pool.rb:874:in `checkout_new_connection'
activerecord (5.2.6) lib/active_record/connection_adapters/abstract/connection_pool.rb:853:in `try_to_checkout_new_connection'
activerecord (5.2.6) lib/active_record/connection_adapters/abstract/connection_pool.rb:814:in `acquire_connection'
activerecord (5.2.6) lib/active_record/connection_adapters/abstract/connection_pool.rb:538:in `checkout'
activerecord (5.2.6) lib/active_record/connection_adapters/abstract/connection_pool.rb:382:in `connection'
activerecord (5.2.6) lib/active_record/connection_adapters/abstract/connection_pool.rb:1033:in `retrieve_connection'
activerecord (5.2.6) lib/active_record/connection_handling.rb:118:in `retrieve_connection'
activerecord (5.2.6) lib/active_record/connection_handling.rb:90:in `connection'
activerecord (5.2.6) lib/active_record/migration.rb:554:in `call'
actionpack (5.2.6) lib/action_dispatch/middleware/callbacks.rb:28:in `block in call'
activesupport (5.2.6) lib/active_support/callbacks.rb:98:in `run_callbacks'
actionpack (5.2.6) lib/action_dispatch/middleware/callbacks.rb:26:in `call'
actionpack (5.2.6) lib/action_dispatch/middleware/executor.rb:14:in `call'
actionpack (5.2.6) lib/action_dispatch/middleware/debug_exceptions.rb:61:in `call'
web-console (3.7.0) lib/web_console/middleware.rb:135:in `call_app'
web-console (3.7.0) lib/web_console/middleware.rb:30:in `block in call'
web-console (3.7.0) lib/web_console/middleware.rb:20:in `catch'
web-console (3.7.0) lib/web_console/middleware.rb:20:in `call'
actionpack (5.2.6) lib/action_dispatch/middleware/show_exceptions.rb:33:in `call'
railties (5.2.6) lib/rails/rack/logger.rb:38:in `call_app'
railties (5.2.6) lib/rails/rack/logger.rb:26:in `block in call'
activesupport (5.2.6) lib/active_support/tagged_logging.rb:71:in `block in tagged'
activesupport (5.2.6) lib/active_support/tagged_logging.rb:28:in `tagged'
activesupport (5.2.6) lib/active_support/tagged_logging.rb:71:in `tagged'
railties (5.2.6) lib/rails/rack/logger.rb:26:in `call'
sprockets-rails (3.2.2) lib/sprockets/rails/quiet_assets.rb:13:in `call'
actionpack (5.2.6) lib/action_dispatch/middleware/remote_ip.rb:81:in `call'
actionpack (5.2.6) lib/action_dispatch/middleware/request_id.rb:27:in `call'
rack (2.2.3) lib/rack/method_override.rb:24:in `call'
rack (2.2.3) lib/rack/runtime.rb:22:in `call'
activesupport (5.2.6) lib/active_support/cache/strategy/local_cache_middleware.rb:29:in `call'
actionpack (5.2.6) lib/action_dispatch/middleware/executor.rb:14:in `call'
actionpack (5.2.6) lib/action_dispatch/middleware/static.rb:127:in `call'
rack (2.2.3) lib/rack/sendfile.rb:110:in `call'
railties (5.2.6) lib/rails/engine.rb:524:in `call'
puma (3.12.6) lib/puma/configuration.rb:227:in `call'
puma (3.12.6) lib/puma/server.rb:706:in `handle_request'
puma (3.12.6) lib/puma/server.rb:476:in `process_client'
puma (3.12.6) lib/puma/server.rb:334:in `block in run'
puma (3.12.6) lib/puma/thread_pool.rb:135:in `block in spawn_thread'
  [1m[35m (1026.2ms)[0m  [1m[35mCREATE DATABASE "routes_controllers_development" ENCODING = 'unicode'[0m
  ↳ bin/rails:9
  [1m[35m (981.9ms)[0m  [1m[35mCREATE DATABASE "routes_controllers_test" ENCODING = 'unicode'[0m
  ↳ bin/rails:9
Started GET "/users" for ::1 at 2021-07-22 02:14:59 +0800
Processing by UsersController#index as */*
No template found for UsersController#index, rendering head :no_content
Completed 204 No Content in 20ms (ActiveRecord: 0.0ms)


Started GET "/users" for ::1 at 2021-07-22 02:19:06 +0800
Processing by UsersController#index as */*
  Rendering text template
  Rendered text template (0.1ms)
Completed 200 OK in 44ms (Views: 43.6ms | ActiveRecord: 0.0ms)


Started GET "/users?fav_food=pizza" for ::1 at 2021-07-22 02:20:54 +0800
Processing by UsersController#index as */*
  Parameters: {"fav_food"=>"pizza"}
  Rendering text template
  Rendered text template (0.0ms)
Completed 200 OK in 1ms (Views: 0.5ms | ActiveRecord: 0.0ms)


Started GET "/users?admin=true" for ::1 at 2021-07-22 02:21:45 +0800
Processing by UsersController#index as */*
  Parameters: {"admin"=>"true"}
  Rendering text template
  Rendered text template (0.0ms)
Completed 200 OK in 1ms (Views: 0.5ms | ActiveRecord: 0.0ms)


Started POST "/users" for ::1 at 2021-07-22 02:23:15 +0800
  
AbstractController::ActionNotFound (The action 'create' could not be found for UsersController):
  
actionpack (5.2.6) lib/abstract_controller/base.rb:129:in `process'
actionview (5.2.6) lib/action_view/rendering.rb:32:in `process'
actionpack (5.2.6) lib/action_controller/metal.rb:191:in `dispatch'
actionpack (5.2.6) lib/action_controller/metal.rb:252:in `dispatch'
actionpack (5.2.6) lib/action_dispatch/routing/route_set.rb:52:in `dispatch'
actionpack (5.2.6) lib/action_dispatch/routing/route_set.rb:34:in `serve'
actionpack (5.2.6) lib/action_dispatch/journey/router.rb:52:in `block in serve'
actionpack (5.2.6) lib/action_dispatch/journey/router.rb:35:in `each'
actionpack (5.2.6) lib/action_dispatch/journey/router.rb:35:in `serve'
actionpack (5.2.6) lib/action_dispatch/routing/route_set.rb:840:in `call'
rack (2.2.3) lib/rack/tempfile_reaper.rb:15:in `call'
rack (2.2.3) lib/rack/etag.rb:27:in `call'
rack (2.2.3) lib/rack/conditional_get.rb:40:in `call'
rack (2.2.3) lib/rack/head.rb:12:in `call'
actionpack (5.2.6) lib/action_dispatch/http/content_security_policy.rb:18:in `call'
rack (2.2.3) lib/rack/session/abstract/id.rb:266:in `context'
rack (2.2.3) lib/rack/session/abstract/id.rb:260:in `call'
actionpack (5.2.6) lib/action_dispatch/middleware/cookies.rb:670:in `call'
activerecord (5.2.6) lib/active_record/migration.rb:559:in `call'
actionpack (5.2.6) lib/action_dispatch/middleware/callbacks.rb:28:in `block in call'
activesupport (5.2.6) lib/active_support/callbacks.rb:98:in `run_callbacks'
actionpack (5.2.6) lib/action_dispatch/middleware/callbacks.rb:26:in `call'
actionpack (5.2.6) lib/action_dispatch/middleware/executor.rb:14:in `call'
actionpack (5.2.6) lib/action_dispatch/middleware/debug_exceptions.rb:61:in `call'
web-console (3.7.0) lib/web_console/middleware.rb:135:in `call_app'
web-console (3.7.0) lib/web_console/middleware.rb:30:in `block in call'
web-console (3.7.0) lib/web_console/middleware.rb:20:in `catch'
web-console (3.7.0) lib/web_console/middleware.rb:20:in `call'
actionpack (5.2.6) lib/action_dispatch/middleware/show_exceptions.rb:33:in `call'
railties (5.2.6) lib/rails/rack/logger.rb:38:in `call_app'
railties (5.2.6) lib/rails/rack/logger.rb:26:in `block in call'
activesupport (5.2.6) lib/active_support/tagged_logging.rb:71:in `block in tagged'
activesupport (5.2.6) lib/active_support/tagged_logging.rb:28:in `tagged'
activesupport (5.2.6) lib/active_support/tagged_logging.rb:71:in `tagged'
railties (5.2.6) lib/rails/rack/logger.rb:26:in `call'
sprockets-rails (3.2.2) lib/sprockets/rails/quiet_assets.rb:13:in `call'
actionpack (5.2.6) lib/action_dispatch/middleware/remote_ip.rb:81:in `call'
actionpack (5.2.6) lib/action_dispatch/middleware/request_id.rb:27:in `call'
rack (2.2.3) lib/rack/method_override.rb:24:in `call'
rack (2.2.3) lib/rack/runtime.rb:22:in `call'
activesupport (5.2.6) lib/active_support/cache/strategy/local_cache_middleware.rb:29:in `call'
actionpack (5.2.6) lib/action_dispatch/middleware/executor.rb:14:in `call'
actionpack (5.2.6) lib/action_dispatch/middleware/static.rb:127:in `call'
rack (2.2.3) lib/rack/sendfile.rb:110:in `call'
railties (5.2.6) lib/rails/engine.rb:524:in `call'
puma (3.12.6) lib/puma/configuration.rb:227:in `call'
puma (3.12.6) lib/puma/server.rb:706:in `handle_request'
puma (3.12.6) lib/puma/server.rb:476:in `process_client'
puma (3.12.6) lib/puma/server.rb:334:in `block in run'
puma (3.12.6) lib/puma/thread_pool.rb:135:in `block in spawn_thread'
Started POST "/users" for ::1 at 2021-07-22 02:24:08 +0800
Processing by UsersController#create as */*
  Parameters: {"fruit"=>"apple"}
Completed 200 OK in 1ms (Views: 0.3ms | ActiveRecord: 0.0ms)


Started GET "/users/2" for ::1 at 2021-07-22 02:25:48 +0800
Processing by UsersController#show as */*
  Parameters: {"id"=>"2"}
Completed 200 OK in 1ms (Views: 0.2ms | ActiveRecord: 0.0ms)


Started GET "/users/2" for ::1 at 2021-07-22 02:30:33 +0800
Processing by UsersController#show as */*
  Parameters: {"foods"=>{"fruit"=>"apple", "meat"=>"beef", "out_key"=>{"inner_key"=>"inner_value"}}, "id"=>"2"}
Completed 200 OK in 1ms (Views: 0.3ms | ActiveRecord: 0.0ms)


Started POST "/users" for ::1 at 2021-07-22 02:32:25 +0800
Processing by UsersController#create as */*
  Parameters: {"foods"=>{"fruit"=>"apple", "meat"=>"beef", "out_key"=>{"inner_key"=>"inner_value"}}}
Completed 200 OK in 0ms (Views: 0.1ms | ActiveRecord: 0.0ms)


  [1m[35m (182.7ms)[0m  [1m[35mCREATE TABLE "schema_migrations" ("version" character varying NOT NULL PRIMARY KEY)[0m
  ↳ bin/rails:9
  [1m[35m (180.9ms)[0m  [1m[35mCREATE TABLE "ar_internal_metadata" ("key" character varying NOT NULL PRIMARY KEY, "value" character varying, "created_at" timestamp NOT NULL, "updated_at" timestamp NOT NULL)[0m
  ↳ bin/rails:9
  [1m[35m (0.9ms)[0m  [1m[34mSELECT pg_try_advisory_lock(642293562874849410)[0m
  ↳ bin/rails:9
  [1m[35m (1.5ms)[0m  [1m[34mSELECT "schema_migrations"."version" FROM "schema_migrations" ORDER BY "schema_migrations"."version" ASC[0m
  ↳ bin/rails:9
Migrating to CreateUsers (20210721183759)
  [1m[35m (0.5ms)[0m  [1m[35mBEGIN[0m
  ↳ bin/rails:9
  [1m[35m (114.7ms)[0m  [1m[35mCREATE TABLE "users" ("id" bigserial primary key, "name" character varying NOT NULL, "email" character varying NOT NULL)[0m
  ↳ db/migrate/20210721183759_create_users.rb:3
  [1m[36mActiveRecord::SchemaMigration Create (0.6ms)[0m  [1m[32mINSERT INTO "schema_migrations" ("version") VALUES ($1) RETURNING "version"[0m  [["version", "20210721183759"]]
  ↳ bin/rails:9
  [1m[35m (35.1ms)[0m  [1m[35mCOMMIT[0m
  ↳ bin/rails:9
  [1m[36mActiveRecord::InternalMetadata Load (0.6ms)[0m  [1m[34mSELECT  "ar_internal_metadata".* FROM "ar_internal_metadata" WHERE "ar_internal_metadata"."key" = $1 LIMIT $2[0m  [["key", "environment"], ["LIMIT", 1]]
  ↳ bin/rails:9
  [1m[35m (0.4ms)[0m  [1m[35mBEGIN[0m
  ↳ bin/rails:9
  [1m[36mActiveRecord::InternalMetadata Create (0.6ms)[0m  [1m[32mINSERT INTO "ar_internal_metadata" ("key", "value", "created_at", "updated_at") VALUES ($1, $2, $3, $4) RETURNING "key"[0m  [["key", "environment"], ["value", "development"], ["created_at", "2021-07-21 18:39:21.697926"], ["updated_at", "2021-07-21 18:39:21.697926"]]
  ↳ bin/rails:9
  [1m[35m (27.8ms)[0m  [1m[35mCOMMIT[0m
  ↳ bin/rails:9
  [1m[35m (2.0ms)[0m  [1m[34mSELECT pg_advisory_unlock(642293562874849410)[0m
  ↳ bin/rails:9
  [1m[35m (0.5ms)[0m  [1m[34mSELECT "schema_migrations"."version" FROM "schema_migrations" ORDER BY "schema_migrations"."version" ASC[0m
  ↳ bin/rails:9
  [1m[35m (0.3ms)[0m  [1m[35mBEGIN[0m
  [1m[36mUser Create (0.9ms)[0m  [1m[32mINSERT INTO "users" ("name", "email") VALUES ($1, $2) RETURNING "id"[0m  [["name", "aA"], ["email", "aaa@aa.a"]]
  [1m[35m (81.0ms)[0m  [1m[35mCOMMIT[0m
  [1m[36mUser Load (0.2ms)[0m  [1m[34mSELECT  "users".* FROM "users" LIMIT $1[0m  [["LIMIT", 11]]
  [1m[35m (0.3ms)[0m  [1m[35mBEGIN[0m
  [1m[36mUser Create (0.6ms)[0m  [1m[32mINSERT INTO "users" ("name", "email") VALUES ($1, $2) RETURNING "id"[0m  [["name", "bB"], ["email", "bbb@bb.b"]]
  [1m[35m (52.6ms)[0m  [1m[35mCOMMIT[0m
  [1m[36mUser Load (0.6ms)[0m  [1m[34mSELECT "users".* FROM "users"[0m
Started GET "/users" for ::1 at 2021-07-22 03:01:03 +0800
  [1m[35m (1.4ms)[0m  [1m[34mSELECT "schema_migrations"."version" FROM "schema_migrations" ORDER BY "schema_migrations"."version" ASC[0m
  ↳ /home/gamestar/.rbenv/versions/2.5.1/lib/ruby/gems/2.5.0/gems/activerecord-5.2.6/lib/active_record/log_subscriber.rb:98
Processing by UsersController#index as */*
  Parameters: {"foods"=>{"fruit"=>"apple", "meat"=>"beef", "out_key"=>{"inner_key"=>"inner_value"}}}
  Rendering text template
  Rendered text template (0.0ms)
Completed 200 OK in 1ms (Views: 0.6ms | ActiveRecord: 0.0ms)


Started GET "/users" for ::1 at 2021-07-22 03:02:14 +0800
Processing by UsersController#index as */*
  Parameters: {"foods"=>{"fruit"=>"apple", "meat"=>"beef", "out_key"=>{"inner_key"=>"inner_value"}}}
Completed 200 OK in 2ms (Views: 0.2ms | ActiveRecord: 0.0ms)


Started GET "/users" for ::1 at 2021-07-22 03:02:51 +0800
Processing by UsersController#index as */*
Completed 200 OK in 4ms (Views: 0.8ms | ActiveRecord: 0.0ms)


Started GET "/users" for ::1 at 2021-07-22 03:05:00 +0800
Processing by UsersController#index as */*
No template found for UsersController#index, rendering head :no_content
Completed 204 No Content in 20ms (ActiveRecord: 0.0ms)


Started GET "/users" for ::1 at 2021-07-22 03:05:40 +0800
Processing by UsersController#index as */*
  [1m[36mUser Load (0.3ms)[0m  [1m[34mSELECT "users".* FROM "users"[0m
  ↳ app/controllers/users_controller.rb:3
Completed 200 OK in 10ms (Views: 4.3ms | ActiveRecord: 4.6ms)


Started GET "/users" for ::1 at 2021-07-22 03:08:25 +0800
Processing by UsersController#index as */*
Completed 400 Bad Request in 2ms (ActiveRecord: 0.0ms)


  
ActionController::ParameterMissing (param is missing or the value is empty: users):
  
app/controllers/users_controller.rb:4:in `index'
Started POST "/users" for ::1 at 2021-07-22 03:12:38 +0800
Processing by UsersController#create as */*
  Parameters: {"email"=>"ccc@cc.c", "name"=>"cC"}
Completed 400 Bad Request in 2ms (ActiveRecord: 0.0ms)


  
ActionController::ParameterMissing (param is missing or the value is empty: user):
  
app/controllers/users_controller.rb:16:in `create'
Started POST "/users" for ::1 at 2021-07-22 03:13:36 +0800
Processing by UsersController#create as */*
  Parameters: {"user"=>{"email"=>"ccc@cc.c", "name"=>"cC"}}
  [1m[35m (0.4ms)[0m  [1m[35mBEGIN[0m
  ↳ app/controllers/users_controller.rb:18
  [1m[36mUser Create (0.5ms)[0m  [1m[32mINSERT INTO "users" ("name", "email") VALUES ($1, $2) RETURNING "id"[0m  [["name", "cC"], ["email", "ccc@cc.c"]]
  ↳ app/controllers/users_controller.rb:18
  [1m[35m (32.7ms)[0m  [1m[35mCOMMIT[0m
  ↳ app/controllers/users_controller.rb:18
Completed 200 OK in 49ms (Views: 0.3ms | ActiveRecord: 42.9ms)


Started GET "/users" for ::1 at 2021-07-22 03:13:49 +0800
Processing by UsersController#index as */*
  Parameters: {"user"=>{"email"=>"ccc@cc.c", "name"=>"cC"}}
  [1m[36mUser Load (1.9ms)[0m  [1m[34mSELECT "users".* FROM "users"[0m
  ↳ app/controllers/users_controller.rb:4
Completed 200 OK in 4ms (Views: 1.6ms | ActiveRecord: 1.9ms)


Started GET "/users" for ::1 at 2021-07-22 03:18:09 +0800
Processing by UsersController#index as */*
  Parameters: {"users"=>{"email"=>"ccc@cc.c", "name"=>"cC"}}
  [1m[36mUser Load (0.5ms)[0m  [1m[34mSELECT "users".* FROM "users"[0m
  ↳ app/controllers/users_controller.rb:4
Completed 200 OK in 2ms (Views: 1.4ms | ActiveRecord: 0.5ms)


Started POST "/users" for ::1 at 2021-07-22 03:18:14 +0800
Processing by UsersController#create as */*
  Parameters: {"users"=>{"email"=>"ccc@cc.c", "name"=>"cC"}}
Completed 400 Bad Request in 1ms (ActiveRecord: 0.0ms)


  
ActionController::ParameterMissing (param is missing or the value is empty: user):
  
app/controllers/users_controller.rb:16:in `create'
Started POST "/users" for ::1 at 2021-07-22 03:21:54 +0800
Processing by UsersController#create as */*
  Parameters: {"users"=>{"name"=>"cC"}}
Completed 400 Bad Request in 1ms (ActiveRecord: 0.0ms)


  
ActionController::ParameterMissing (param is missing or the value is empty: user):
  
app/controllers/users_controller.rb:16:in `create'
Started POST "/users" for ::1 at 2021-07-22 03:22:03 +0800
Processing by UsersController#create as */*
  Parameters: {"user"=>{"name"=>"cC"}}
  [1m[35m (0.2ms)[0m  [1m[35mBEGIN[0m
  ↳ app/controllers/users_controller.rb:18
  [1m[36mUser Create (1.2ms)[0m  [1m[32mINSERT INTO "users" ("name") VALUES ($1) RETURNING "id"[0m  [["name", "cC"]]
  ↳ app/controllers/users_controller.rb:18
  [1m[35m (0.2ms)[0m  [1m[31mROLLBACK[0m
  ↳ app/controllers/users_controller.rb:18
Completed 500 Internal Server Error in 4ms (ActiveRecord: 1.6ms)


  
ActiveRecord::NotNullViolation (PG::NotNullViolation: ERROR:  null value in column "email" violates not-null constraint
DETAIL:  Failing row contains (4, cC, null).
: INSERT INTO "users" ("name") VALUES ($1) RETURNING "id"):
  
app/controllers/users_controller.rb:18:in `create'
Started POST "/users" for ::1 at 2021-07-22 03:24:03 +0800
Processing by UsersController#create as */*
  Parameters: {"user"=>{"email"=>"ccc@cc.c", "name"=>"cC"}}
Unpermitted parameter: :email
  [1m[35m (0.4ms)[0m  [1m[35mBEGIN[0m
  ↳ app/controllers/users_controller.rb:18
  [1m[36mUser Create (0.6ms)[0m  [1m[32mINSERT INTO "users" ("name") VALUES ($1) RETURNING "id"[0m  [["name", "cC"]]
  ↳ app/controllers/users_controller.rb:18
  [1m[35m (0.2ms)[0m  [1m[31mROLLBACK[0m
  ↳ app/controllers/users_controller.rb:18
Completed 500 Internal Server Error in 26ms (ActiveRecord: 6.2ms)


  
ActiveRecord::NotNullViolation (PG::NotNullViolation: ERROR:  null value in column "email" violates not-null constraint
DETAIL:  Failing row contains (5, cC, null).
: INSERT INTO "users" ("name") VALUES ($1) RETURNING "id"):
  
app/controllers/users_controller.rb:18:in `create'
Started POST "/users" for ::1 at 2021-07-22 03:25:57 +0800
Processing by UsersController#create as */*
  Parameters: {"user"=>{"email"=>"ccc@cc.c", "name"=>"cC", "address"=>"ccccc"}}
Unpermitted parameter: :address
  [1m[35m (0.5ms)[0m  [1m[35mBEGIN[0m
  ↳ app/controllers/users_controller.rb:18
  [1m[36mUser Create (0.8ms)[0m  [1m[32mINSERT INTO "users" ("name", "email") VALUES ($1, $2) RETURNING "id"[0m  [["name", "cC"], ["email", "ccc@cc.c"]]
  ↳ app/controllers/users_controller.rb:18
  [1m[35m (54.5ms)[0m  [1m[35mCOMMIT[0m
  ↳ app/controllers/users_controller.rb:18
Completed 200 OK in 82ms (Views: 3.5ms | ActiveRecord: 60.3ms)


Started GET "/users" for ::1 at 2021-07-22 03:26:25 +0800
Processing by UsersController#index as */*
  Parameters: {"user"=>{"email"=>"ccc@cc.c", "name"=>"cC", "address"=>"ccccc"}}
  [1m[36mUser Load (0.5ms)[0m  [1m[34mSELECT "users".* FROM "users"[0m
  ↳ app/controllers/users_controller.rb:4
Completed 200 OK in 4ms (Views: 2.4ms | ActiveRecord: 0.5ms)


Started GET "/users" for ::1 at 2021-07-22 03:27:50 +0800
Processing by UsersController#index as */*
  Parameters: {"user"=>{"name"=>"cC"}}
  [1m[36mUser Load (0.3ms)[0m  [1m[34mSELECT "users".* FROM "users"[0m
  ↳ app/controllers/users_controller.rb:4
Completed 200 OK in 12ms (Views: 7.7ms | ActiveRecord: 3.0ms)


Started POST "/users" for ::1 at 2021-07-22 03:28:00 +0800
Processing by UsersController#create as */*
  Parameters: {"user"=>{"name"=>"dD"}}
  [1m[35m (0.2ms)[0m  [1m[35mBEGIN[0m
  ↳ app/controllers/users_controller.rb:18
  [1m[36mUser Create (1.1ms)[0m  [1m[32mINSERT INTO "users" ("name") VALUES ($1) RETURNING "id"[0m  [["name", "dD"]]
  ↳ app/controllers/users_controller.rb:18
  [1m[35m (0.2ms)[0m  [1m[31mROLLBACK[0m
  ↳ app/controllers/users_controller.rb:18
Completed 500 Internal Server Error in 4ms (ActiveRecord: 1.5ms)


  
ActiveRecord::NotNullViolation (PG::NotNullViolation: ERROR:  null value in column "email" violates not-null constraint
DETAIL:  Failing row contains (7, dD, null).
: INSERT INTO "users" ("name") VALUES ($1) RETURNING "id"):
  
app/controllers/users_controller.rb:18:in `create'
Started POST "/users" for ::1 at 2021-07-22 03:30:48 +0800
Processing by UsersController#create as */*
  Parameters: {"user"=>{"name"=>"dD"}}
  [1m[35m (0.2ms)[0m  [1m[35mBEGIN[0m
  ↳ app/controllers/users_controller.rb:18
  [1m[36mUser Create (0.9ms)[0m  [1m[32mINSERT INTO "users" ("name") VALUES ($1) RETURNING "id"[0m  [["name", "dD"]]
  ↳ app/controllers/users_controller.rb:18
  [1m[35m (0.2ms)[0m  [1m[31mROLLBACK[0m
  ↳ app/controllers/users_controller.rb:18
Completed 500 Internal Server Error in 11ms (ActiveRecord: 4.3ms)


  
ActiveRecord::NotNullViolation (PG::NotNullViolation: ERROR:  null value in column "email" violates not-null constraint
DETAIL:  Failing row contains (8, dD, null).
: INSERT INTO "users" ("name") VALUES ($1) RETURNING "id"):
  
app/controllers/users_controller.rb:18:in `create'
Started POST "/users" for ::1 at 2021-07-22 03:32:00 +0800
Processing by UsersController#create as */*
  Parameters: {"user"=>{"email"=>"111", "name"=>"dD"}}
  [1m[35m (0.3ms)[0m  [1m[35mBEGIN[0m
  ↳ app/controllers/users_controller.rb:18
  [1m[36mUser Create (0.4ms)[0m  [1m[32mINSERT INTO "users" ("name", "email") VALUES ($1, $2) RETURNING "id"[0m  [["name", "dD"], ["email", "111"]]
  ↳ app/controllers/users_controller.rb:18
  [1m[35m (55.4ms)[0m  [1m[35mCOMMIT[0m
  ↳ app/controllers/users_controller.rb:18
Completed 200 OK in 60ms (Views: 0.4ms | ActiveRecord: 56.1ms)


Started POST "/users" for ::1 at 2021-07-22 03:33:24 +0800
Processing by UsersController#create as */*
  Parameters: {"user"=>{"name"=>"dD"}}
  [1m[35m (0.3ms)[0m  [1m[35mBEGIN[0m
  ↳ app/controllers/users_controller.rb:18
  [1m[36mUser Create (1.1ms)[0m  [1m[32mINSERT INTO "users" ("name") VALUES ($1) RETURNING "id"[0m  [["name", "dD"]]
  ↳ app/controllers/users_controller.rb:18
  [1m[35m (0.2ms)[0m  [1m[31mROLLBACK[0m
  ↳ app/controllers/users_controller.rb:18
Completed 500 Internal Server Error in 4ms (ActiveRecord: 1.5ms)


  
ActiveRecord::NotNullViolation (PG::NotNullViolation: ERROR:  null value in column "email" violates not-null constraint
DETAIL:  Failing row contains (10, dD, null).
: INSERT INTO "users" ("name") VALUES ($1) RETURNING "id"):
  
app/controllers/users_controller.rb:18:in `create'
Started POST "/users" for ::1 at 2021-07-22 03:33:58 +0800
Processing by UsersController#create as */*
  Parameters: {"user"=>{"email"=>"", "name"=>"dD"}}
  [1m[35m (0.3ms)[0m  [1m[35mBEGIN[0m
  ↳ app/controllers/users_controller.rb:18
  [1m[36mUser Create (0.4ms)[0m  [1m[32mINSERT INTO "users" ("name", "email") VALUES ($1, $2) RETURNING "id"[0m  [["name", "dD"], ["email", ""]]
  ↳ app/controllers/users_controller.rb:18
  [1m[35m (53.8ms)[0m  [1m[35mCOMMIT[0m
  ↳ app/controllers/users_controller.rb:18
Completed 200 OK in 58ms (Views: 0.5ms | ActiveRecord: 54.5ms)


Started GET "/users" for ::1 at 2021-07-22 03:37:02 +0800
Processing by UsersController#index as */*
  Parameters: {"user"=>{"email"=>"", "name"=>"dD"}}
  [1m[36mUser Load (0.4ms)[0m  [1m[34mSELECT "users".* FROM "users"[0m
  ↳ app/controllers/users_controller.rb:4
Completed 200 OK in 8ms (Views: 3.2ms | ActiveRecord: 2.9ms)


Started DELETE "/users/11" for ::1 at 2021-07-22 03:37:44 +0800
Processing by UsersController#destroy as */*
  Parameters: {"user"=>{"email"=>"", "name"=>"dD"}, "id"=>"11"}
  [1m[36mUser Load (1.3ms)[0m  [1m[34mSELECT  "users".* FROM "users" WHERE "users"."id" = $1 LIMIT $2[0m  [["id", 11], ["LIMIT", 1]]
  ↳ app/controllers/users_controller.rb:30
  [1m[35m (0.7ms)[0m  [1m[35mBEGIN[0m
  ↳ app/controllers/users_controller.rb:30
  [1m[36mUser Destroy (0.5ms)[0m  [1m[31mDELETE FROM "users" WHERE "users"."id" = $1[0m  [["id", 11]]
  ↳ app/controllers/users_controller.rb:30
  [1m[35m (58.1ms)[0m  [1m[35mCOMMIT[0m
  ↳ app/controllers/users_controller.rb:30
Completed 200 OK in 79ms (Views: 0.4ms | ActiveRecord: 61.5ms)


Started GET "/users/" for ::1 at 2021-07-22 03:37:54 +0800
Processing by UsersController#index as */*
  Parameters: {"user"=>{"email"=>"", "name"=>"dD"}}
  [1m[36mUser Load (1.1ms)[0m  [1m[34mSELECT "users".* FROM "users"[0m
  ↳ app/controllers/users_controller.rb:4
Completed 200 OK in 11ms (Views: 7.8ms | ActiveRecord: 1.1ms)


Started GET "/users/6" for ::1 at 2021-07-22 03:39:05 +0800
Processing by UsersController#show as */*
  Parameters: {"user"=>{"email"=>"", "name"=>"dD"}, "id"=>"6"}
  [1m[36mUser Load (0.4ms)[0m  [1m[34mSELECT  "users".* FROM "users" WHERE "users"."id" = $1 LIMIT $2[0m  [["id", 6], ["LIMIT", 1]]
  ↳ app/controllers/users_controller.rb:12
Completed 200 OK in 10ms (Views: 0.5ms | ActiveRecord: 3.3ms)


Started PATCH "/users/2" for ::1 at 2021-07-22 03:44:54 +0800
Processing by UsersController#update as */*
  Parameters: {"user"=>{"email"=>"changed_email", "name"=>"changed_name"}, "id"=>"2"}
  [1m[36mUser Load (0.6ms)[0m  [1m[34mSELECT  "users".* FROM "users" WHERE "users"."id" = $1 LIMIT $2[0m  [["id", 2], ["LIMIT", 1]]
  ↳ app/controllers/users_controller.rb:26
  [1m[35m (0.3ms)[0m  [1m[35mBEGIN[0m
  ↳ app/controllers/users_controller.rb:27
  [1m[36mUser Update (0.6ms)[0m  [1m[33mUPDATE "users" SET "name" = $1, "email" = $2 WHERE "users"."id" = $3[0m  [["name", "changed_name"], ["email", "changed_email"], ["id", 2]]
  ↳ app/controllers/users_controller.rb:27
  [1m[35m (55.0ms)[0m  [1m[35mCOMMIT[0m
  ↳ app/controllers/users_controller.rb:27
Completed 200 OK in 78ms (Views: 0.3ms | ActiveRecord: 64.7ms)


Started GET "/users/" for ::1 at 2021-07-22 03:45:04 +0800
Processing by UsersController#index as */*
  Parameters: {"user"=>{"email"=>"changed_email", "name"=>"changed_name"}}
  [1m[36mUser Load (0.5ms)[0m  [1m[34mSELECT "users".* FROM "users"[0m
  ↳ app/controllers/users_controller.rb:4
Completed 200 OK in 3ms (Views: 1.7ms | ActiveRecord: 0.5ms)


